<?xml version="1.0" encoding="UTF-8"?><testsuites failures="0" name="dependency-check" tests="23"><testsuite failures="0" errors="0" time="0" id="0" name="C:\Users\igore\.m2\repository\com\rabbitmq\amqp-client\5.25.0\amqp-client-5.25.0.jar" package="amqp-client-5.25.0.jar" skipped="0" tests="1" timestamp="2025-11-17T00:53:22.5440794"><testcase classname="dependency-check" name="amqp-client-5.25.0.jar"/></testsuite><testsuite failures="0" errors="0" time="0" id="1" name="C:\Users\igore\OneDrive\Área de Trabalho\ConsumidorXProdutor-Cluster-RabbitMQ-1\producer-consumer-rabbitmq-cluster\common-lib\pom.xml" package="com.example:common-lib:1.0-SNAPSHOT" skipped="0" tests="1" timestamp="2025-11-17T00:53:22.5440794"><testcase classname="dependency-check" name="com.example:common-lib:1.0-SNAPSHOT"/></testsuite><testsuite failures="0" errors="0" time="0" id="2" name="C:\Users\igore\OneDrive\Área de Trabalho\ConsumidorXProdutor-Cluster-RabbitMQ-1\producer-consumer-rabbitmq-cluster\consumer_service\pom.xml" package="com.example:consumer_service:1.0-SNAPSHOT" skipped="0" tests="1" timestamp="2025-11-17T00:53:22.5440794"><testcase classname="dependency-check" name="com.example:consumer_service:1.0-SNAPSHOT"/></testsuite><testsuite failures="0" errors="0" time="0" id="3" name="C:\Users\igore\OneDrive\Área de Trabalho\ConsumidorXProdutor-Cluster-RabbitMQ-1\producer-consumer-rabbitmq-cluster\producer-service-1\pom.xml" package="com.example:producer-service-1:1.0-SNAPSHOT" skipped="0" tests="1" timestamp="2025-11-17T00:53:22.5440794"><testcase classname="dependency-check" name="com.example:producer-service-1:1.0-SNAPSHOT"/></testsuite><testsuite failures="0" errors="0" time="0" id="4" name="C:\Users\igore\.m2\repository\com\fasterxml\jackson\core\jackson-core\2.19.2\jackson-core-2.19.2.jar" package="jackson-core-2.19.2.jar" skipped="0" tests="1" timestamp="2025-11-17T00:53:22.5440794"><testcase classname="dependency-check" name="jackson-core-2.19.2.jar"/></testsuite><testsuite failures="0" errors="0" time="0" id="5" name="C:\Users\igore\.m2\repository\com\fasterxml\jackson\core\jackson-databind\2.19.2\jackson-databind-2.19.2.jar" package="jackson-databind-2.19.2.jar" skipped="0" tests="1" timestamp="2025-11-17T00:53:22.5440794"><testcase classname="dependency-check" name="jackson-databind-2.19.2.jar"/></testsuite><testsuite failures="0" errors="0" time="0" id="6" name="C:\Users\igore\.m2\repository\jakarta\annotation\jakarta.annotation-api\2.1.1\jakarta.annotation-api-2.1.1.jar" package="jakarta.annotation-api-2.1.1.jar" skipped="0" tests="1" timestamp="2025-11-17T00:53:22.5440794"><testcase classname="dependency-check" name="jakarta.annotation-api-2.1.1.jar"/></testsuite><testsuite failures="0" errors="0" time="0" id="7" name="C:\Users\igore\.m2\repository\org\slf4j\jul-to-slf4j\2.0.17\jul-to-slf4j-2.0.17.jar" package="jul-to-slf4j-2.0.17.jar" skipped="0" tests="1" timestamp="2025-11-17T00:53:22.5440794"><testcase classname="dependency-check" name="jul-to-slf4j-2.0.17.jar"/></testsuite><testsuite failures="0" errors="0" time="0" id="8" name="C:\Users\igore\.m2\repository\org\apache\logging\log4j\log4j-api\2.24.3\log4j-api-2.24.3.jar" package="log4j-api-2.24.3.jar" skipped="0" tests="1" timestamp="2025-11-17T00:53:22.5440794"><testcase classname="dependency-check" name="log4j-api-2.24.3.jar"/></testsuite><testsuite failures="0" errors="0" time="0" id="9" name="C:\Users\igore\.m2\repository\org\apache\logging\log4j\log4j-to-slf4j\2.24.3\log4j-to-slf4j-2.24.3.jar" package="log4j-to-slf4j-2.24.3.jar" skipped="0" tests="1" timestamp="2025-11-17T00:53:22.5440794"><testcase classname="dependency-check" name="log4j-to-slf4j-2.24.3.jar"/></testsuite><testsuite failures="0" errors="0" time="0" id="10" name="C:\Users\igore\.m2\repository\ch\qos\logback\logback-core\1.5.20\logback-core-1.5.20.jar" package="logback-core-1.5.20.jar" skipped="0" tests="1" timestamp="2025-11-17T00:53:22.5440794"><testcase classname="dependency-check" name="logback-core-1.5.20.jar"/></testsuite><testsuite failures="0" errors="0" time="0" id="11" name="C:\Users\igore\.m2\repository\org\projectlombok\lombok\1.18.38\lombok-1.18.38.jar\lombok\launch\mavenEcjBootstrapAgent.jar" package="lombok-1.18.38.jar: mavenEcjBootstrapAgent.jar" skipped="0" tests="1" timestamp="2025-11-17T00:53:22.5440794"><testcase classname="dependency-check" name="lombok-1.18.38.jar: mavenEcjBootstrapAgent.jar"/></testsuite><testsuite failures="0" errors="0" time="0" id="12" name="C:\Users\igore\.m2\repository\org\projectlombok\lombok\1.18.38\lombok-1.18.38.jar" package="lombok-1.18.38.jar" skipped="0" tests="1" timestamp="2025-11-17T00:53:22.5440794"><testcase classname="dependency-check" name="lombok-1.18.38.jar"/></testsuite><testsuite failures="0" errors="0" time="0" id="13" name="C:\Users\igore\.m2\repository\io\micrometer\micrometer-commons\1.15.5\micrometer-commons-1.15.5.jar" package="micrometer-commons-1.15.5.jar" skipped="0" tests="1" timestamp="2025-11-17T00:53:22.5440794"><testcase classname="dependency-check" name="micrometer-commons-1.15.5.jar"/></testsuite><testsuite failures="0" errors="0" time="0" id="14" name="C:\Users\igore\.m2\repository\io\micrometer\micrometer-observation\1.15.5\micrometer-observation-1.15.5.jar" package="micrometer-observation-1.15.5.jar" skipped="0" tests="1" timestamp="2025-11-17T00:53:22.5440794"><testcase classname="dependency-check" name="micrometer-observation-1.15.5.jar"/></testsuite><testsuite failures="0" errors="0" time="0" id="15" name="C:\Users\igore\.m2\repository\org\slf4j\slf4j-api\2.0.17\slf4j-api-2.0.17.jar" package="slf4j-api-2.0.17.jar" skipped="0" tests="1" timestamp="2025-11-17T00:53:22.5440794"><testcase classname="dependency-check" name="slf4j-api-2.0.17.jar"/></testsuite><testsuite failures="0" errors="0" time="0" id="16" name="C:\Users\igore\.m2\repository\org\yaml\snakeyaml\2.4\snakeyaml-2.4.jar" package="snakeyaml-2.4.jar" skipped="0" tests="1" timestamp="2025-11-17T00:53:22.5440794"><testcase classname="dependency-check" name="snakeyaml-2.4.jar"/></testsuite><testsuite failures="0" errors="0" time="0" id="17" name="C:\Users\igore\.m2\repository\org\springframework\amqp\spring-amqp\3.2.8\spring-amqp-3.2.8.jar" package="spring-amqp-3.2.8.jar" skipped="0" tests="1" timestamp="2025-11-17T00:53:22.5440794"><testcase classname="dependency-check" name="spring-amqp-3.2.8.jar"/></testsuite><testsuite failures="0" errors="0" time="0" id="18" name="C:\Users\igore\.m2\repository\org\springframework\boot\spring-boot\3.5.7\spring-boot-3.5.7.jar" package="spring-boot-3.5.7.jar" skipped="0" tests="1" timestamp="2025-11-17T00:53:22.5440794"><testcase classname="dependency-check" name="spring-boot-3.5.7.jar"/></testsuite><testsuite failures="0" errors="0" time="0" id="19" name="C:\Users\igore\.m2\repository\org\springframework\spring-core\6.2.12\spring-core-6.2.12.jar" package="spring-core-6.2.12.jar" skipped="0" tests="1" timestamp="2025-11-17T00:53:22.5440794"><testcase classname="dependency-check" name="spring-core-6.2.12.jar"/></testsuite><testsuite failures="0" errors="0" time="0" id="20" name="C:\Users\igore\.m2\repository\org\springframework\retry\spring-retry\2.0.12\spring-retry-2.0.12.jar" package="spring-retry-2.0.12.jar" skipped="0" tests="1" timestamp="2025-11-17T00:53:22.5440794"><testcase classname="dependency-check" name="spring-retry-2.0.12.jar"/></testsuite><testsuite failures="0" errors="0" time="0" id="21" name="C:\Users\igore\.m2\repository\org\apache\tomcat\embed\tomcat-embed-core\10.1.48\tomcat-embed-core-10.1.48.jar" package="tomcat-embed-core-10.1.48.jar" skipped="0" tests="1" timestamp="2025-11-17T00:53:22.5440794"><testcase classname="dependency-check" name="tomcat-embed-core-10.1.48.jar"/></testsuite><testsuite failures="0" errors="0" time="0" id="22" name="C:\Users\igore\.m2\repository\org\apache\tomcat\embed\tomcat-embed-el\10.1.48\tomcat-embed-el-10.1.48.jar" package="tomcat-embed-el-10.1.48.jar" skipped="0" tests="1" timestamp="2025-11-17T00:53:22.5440794"><testcase classname="dependency-check" name="tomcat-embed-el-10.1.48.jar"/></testsuite></testsuites>